<?xml version="1.0" encoding="UTF-8"?>
<testsuite xmlns:xsi="http://www.w3.org/2001/XMLSchema-instance" xsi:noNamespaceSchemaLocation="https://maven.apache.org/surefire/maven-surefire-plugin/xsd/surefire-test-report-3.0.xsd" version="3.0" name="com.newproject.service.CustomUserDetailsServiceTest" time="0.051" tests="2" errors="0" skipped="0" failures="0">
  <properties>
[...]
</properties>
  <testcase name="loadUserByUsername_UserFound" classname="com.newproject.service.CustomUserDetailsServiceTest" time="0.029">
    <system-out><![CDATA[2024-11-24T22:20:57.614-03:00  INFO 179491 --- [sum2_fs3] [           main] c.n.service.CustomUserDetailsService     : Iniciando la búsqueda del usuario con username: testUser
2024-11-24T22:20:57.635-03:00  INFO 179491 --- [sum2_fs3] [           main] c.n.service.CustomUserDetailsService     : Detalles del usuario construidos correctamente para: testUser
]]></system-out>
  </testcase>
  <testcase name="loadUserByUsername_UserNotFound" classname="com.newproject.service.CustomUserDetailsServiceTest" time="0.015">
    <system-out><![CDATA[2024-11-24T22:20:57.652-03:00  INFO 179491 --- [sum2_fs3] [           main] c.n.service.CustomUserDetailsService     : Iniciando la búsqueda del usuario con username: nonExistentUser
2024-11-24T22:20:57.653-03:00 ERROR 179491 --- [sum2_fs3] [           main] c.n.service.CustomUserDetailsService     : Usuario no encontrado: nonExistentUser
]]></system-out>
  </testcase>
</testsuite>