<?xml version="1.0" encoding="UTF-8"?>
<testsuite xmlns:xsi="http://www.w3.org/2001/XMLSchema-instance" xsi:noNamespaceSchemaLocation="https://maven.apache.org/surefire/maven-surefire-plugin/xsd/surefire-test-report-3.0.xsd" version="3.0" name="com.newproject.DemoApplicationTest" time="16.43" tests="1" errors="0" skipped="0" failures="0">
  <properties>
[...]
</properties>
  <testcase name="contextLoads" classname="com.newproject.DemoApplicationTest" time="0.869">
    <system-out><![CDATA[22:20:39.524 [main] INFO org.springframework.test.context.support.AnnotationConfigContextLoaderUtils -- Could not detect default configuration classes for test class [com.newproject.DemoApplicationTest]: DemoApplicationTest does not declare any static, non-private, non-final, nested classes annotated with @Configuration.
22:20:40.043 [main] INFO org.springframework.boot.test.context.SpringBootTestContextBootstrapper -- Found @SpringBootConfiguration com.newproject.DemoApplication for test class com.newproject.DemoApplicationTest
22:20:40.603 [main] INFO org.springframework.boot.devtools.restart.RestartApplicationListener -- Restart disabled due to context in which it is running

  .   ____          _            __ _ _
 /\\ / ___'_ __ _ _(_)_ __  __ _ \ \ \ \
( ( )\___ | '_ | '_| | '_ \/ _` | \ \ \ \
 \\/  ___)| |_)| | | | | || (_| |  ) ) ) )
  '  |____| .__|_| |_|_| |_\__, | / / / /
 =========|_|==============|___/=/_/_/_/

 :: Spring Boot ::                (v3.3.5)

2024-11-24T22:20:41.284-03:00  INFO 179491 --- [sum2_fs3] [           main] com.newproject.DemoApplicationTest       : Starting DemoApplicationTest using Java 17.0.13 with PID 179491 (started by cris in /home/cris/Descargas/Sum2_fs3/sum2_fs3)
2024-11-24T22:20:41.288-03:00  INFO 179491 --- [sum2_fs3] [           main] com.newproject.DemoApplicationTest       : No active profile set, falling back to 1 default profile: "default"
2024-11-24T22:20:43.109-03:00  INFO 179491 --- [sum2_fs3] [           main] .s.d.r.c.RepositoryConfigurationDelegate : Bootstrapping Spring Data JPA repositories in DEFAULT mode.
2024-11-24T22:20:43.252-03:00  INFO 179491 --- [sum2_fs3] [           main] .s.d.r.c.RepositoryConfigurationDelegate : Finished Spring Data repository scanning in 120 ms. Found 2 JPA repository interfaces.
2024-11-24T22:20:44.684-03:00  INFO 179491 --- [sum2_fs3] [           main] o.hibernate.jpa.internal.util.LogHelper  : HHH000204: Processing PersistenceUnitInfo [name: default]
2024-11-24T22:20:44.884-03:00  INFO 179491 --- [sum2_fs3] [           main] org.hibernate.Version                    : HHH000412: Hibernate ORM core version 6.5.3.Final
2024-11-24T22:20:45.004-03:00  INFO 179491 --- [sum2_fs3] [           main] o.h.c.internal.RegionFactoryInitiator    : HHH000026: Second-level cache disabled
2024-11-24T22:20:46.032-03:00  INFO 179491 --- [sum2_fs3] [           main] o.s.o.j.p.SpringPersistenceUnitInfo      : No LoadTimeWeaver setup: ignoring JPA class transformer
2024-11-24T22:20:46.139-03:00  INFO 179491 --- [sum2_fs3] [           main] com.zaxxer.hikari.HikariDataSource       : HikariPool-1 - Starting...
2024-11-24T22:20:48.586-03:00  INFO 179491 --- [sum2_fs3] [           main] com.zaxxer.hikari.pool.HikariPool        : HikariPool-1 - Added connection oracle.jdbc.driver.T4CConnection@70d5f272
2024-11-24T22:20:48.592-03:00  INFO 179491 --- [sum2_fs3] [           main] com.zaxxer.hikari.HikariDataSource       : HikariPool-1 - Start completed.
2024-11-24T22:20:51.518-03:00  INFO 179491 --- [sum2_fs3] [           main] o.h.e.t.j.p.i.JtaPlatformInitiator       : HHH000489: No JTA platform available (set 'hibernate.transaction.jta.platform' to enable JTA platform integration)
2024-11-24T22:20:51.526-03:00  INFO 179491 --- [sum2_fs3] [           main] j.LocalContainerEntityManagerFactoryBean : Initialized JPA EntityManagerFactory for persistence unit 'default'
2024-11-24T22:20:52.554-03:00  WARN 179491 --- [sum2_fs3] [           main] JpaBaseConfiguration$JpaWebConfiguration : spring.jpa.open-in-view is enabled by default. Therefore, database queries may be performed during view rendering. Explicitly configure spring.jpa.open-in-view to disable this warning
2024-11-24T22:20:52.615-03:00  INFO 179491 --- [sum2_fs3] [           main] r$InitializeUserDetailsManagerConfigurer : Global AuthenticationManager configured with UserDetailsService bean with name customUserDetailsService
2024-11-24T22:20:53.472-03:00  INFO 179491 --- [sum2_fs3] [           main] com.newproject.security.SecurityConfig   : Configurando SecurityFilterChain
2024-11-24T22:20:53.575-03:00 DEBUG 179491 --- [sum2_fs3] [           main] o.s.s.web.DefaultSecurityFilterChain     : Will secure any request with filters: DisableEncodeUrlFilter, WebAsyncManagerIntegrationFilter, SecurityContextHolderFilter, HeaderWriterFilter, CorsFilter, LogoutFilter, JwtRequestFilter, RequestCacheAwareFilter, SecurityContextHolderAwareRequestFilter, AnonymousAuthenticationFilter, SessionManagementFilter, ExceptionTranslationFilter, AuthorizationFilter
2024-11-24T22:20:54.109-03:00  WARN 179491 --- [sum2_fs3] [           main] ion$DefaultTemplateResolverConfiguration : Cannot find template location: classpath:/templates/ (please add some templates, check your Thymeleaf configuration, or set spring.thymeleaf.check-template-location=false)
2024-11-24T22:20:54.366-03:00  INFO 179491 --- [sum2_fs3] [           main] com.newproject.DemoApplicationTest       : Started DemoApplicationTest in 13.796 seconds (process running for 17.185)
]]></system-out>
  </testcase>
</testsuite>